<?xml version="1.0" encoding="utf-8"?>
<CoverageSession xmlns:xsd="http://www.w3.org/2001/XMLSchema" xmlns:xsi="http://www.w3.org/2001/XMLSchema-instance" Version="4.7.1189.0">
  <Summary numSequencePoints="0" visitedSequencePoints="0" numBranchPoints="0" visitedBranchPoints="0" sequenceCoverage="0" branchCoverage="0" maxCyclomaticComplexity="0" minCyclomaticComplexity="0" maxCrapScore="0" minCrapScore="0" visitedClasses="0" numClasses="0" visitedMethods="0" numMethods="0" />
  <Modules>
    <Module skippedDueTo="Filter" hash="BC-6E-FD-75-A8-45-90-46-C6-99-BB-41-B3-A1-57-CD-AD-E2-C1-65">
      <ModulePath>C:\Windows\Microsoft.Net\assembly\GAC_64\mscorlib\v4.0_4.0.0.0__b77a5c561934e089\mscorlib.dll</ModulePath>
      <ModuleTime>2021-02-09T23:12:13.8358696Z</ModuleTime>
      <ModuleName>mscorlib</ModuleName>
      <Classes />
    </Module>
    <Module skippedDueTo="MissingPdb" hash="36-D3-16-1D-E5-94-AB-A3-46-D7-B1-4A-01-C5-05-BC-6D-37-1E-C9">
      <ModulePath>C:\Users\SeraphimRP\Desktop\Code\BibleBot\packages\NUnit.ConsoleRunner.3.12.0\tools\nunit3-console.exe</ModulePath>
      <ModuleTime>2021-01-18T01:32:56Z</ModuleTime>
      <ModuleName>nunit3-console</ModuleName>
      <Classes />
    </Module>
    <Module skippedDueTo="Filter" hash="3E-65-A2-05-7C-67-F0-C6-A0-B8-F5-C9-09-73-B6-EC-86-B4-9C-58">
      <ModulePath>C:\Windows\Microsoft.Net\assembly\GAC_MSIL\System\v4.0_4.0.0.0__b77a5c561934e089\System.dll</ModulePath>
      <ModuleTime>2020-10-08T02:21:33.8194762Z</ModuleTime>
      <ModuleName>System</ModuleName>
      <Classes />
    </Module>
    <Module skippedDueTo="MissingPdb" hash="47-CD-05-C4-63-6A-43-51-93-AC-FA-1D-26-FE-B8-9B-32-30-D5-7A">
      <ModulePath>C:\Users\SeraphimRP\Desktop\Code\BibleBot\packages\NUnit.ConsoleRunner.3.12.0\tools\nunit.engine.api.dll</ModulePath>
      <ModuleTime>2021-01-18T01:32:54Z</ModuleTime>
      <ModuleName>nunit.engine.api</ModuleName>
      <Classes />
    </Module>
    <Module skippedDueTo="MissingPdb" hash="96-9E-42-E6-1E-13-3A-9B-1B-66-FB-61-8A-F3-23-9A-43-86-70-AF">
      <ModulePath>C:\Users\SeraphimRP\Desktop\Code\BibleBot\packages\NUnit.ConsoleRunner.3.12.0\tools\nunit.engine.dll</ModulePath>
      <ModuleTime>2021-01-18T01:32:56Z</ModuleTime>
      <ModuleName>nunit.engine</ModuleName>
      <Classes />
    </Module>
    <Module skippedDueTo="MissingPdb" hash="96-9E-42-E6-1E-13-3A-9B-1B-66-FB-61-8A-F3-23-9A-43-86-70-AF">
      <ModulePath>C:\Users\SeraphimRP\Desktop\Code\BibleBot\packages\NUnit.ConsoleRunner.3.12.0\tools\nunit.engine.dll</ModulePath>
      <ModuleTime>2021-01-18T01:32:56Z</ModuleTime>
      <ModuleName>nunit.engine</ModuleName>
      <Classes />
    </Module>
    <Module skippedDueTo="MissingPdb" hash="10-B5-F0-48-F4-5D-A0-BD-6C-1F-44-32-CC-27-4F-A7-74-BB-F3-42">
      <ModulePath>C:\Users\SeraphimRP\Desktop\Code\BibleBot\packages\NUnit.ConsoleRunner.3.12.0\tools\nunit.engine.core.dll</ModulePath>
      <ModuleTime>2021-01-18T01:32:54Z</ModuleTime>
      <ModuleName>nunit.engine.core</ModuleName>
      <Classes />
    </Module>
    <Module skippedDueTo="Filter" hash="DA-72-DA-8C-56-D2-30-3A-A5-9C-B3-A9-A9-6F-D8-2F-60-43-B5-A9">
      <ModulePath>C:\Windows\Microsoft.Net\assembly\GAC_MSIL\System.Xml\v4.0_4.0.0.0__b77a5c561934e089\System.Xml.dll</ModulePath>
      <ModuleTime>2019-12-07T09:10:37.7737543Z</ModuleTime>
      <ModuleName>System.Xml</ModuleName>
      <Classes />
    </Module>
    <Module skippedDueTo="Filter" hash="9E-65-4E-91-D0-78-C5-2E-17-2A-8D-C3-08-B2-E7-5D-5D-FD-27-C7">
      <ModulePath>C:\Windows\Microsoft.Net\assembly\GAC_64\System.Web\v4.0_4.0.0.0__b03f5f7f11d50a3a\System.Web.dll</ModulePath>
      <ModuleTime>2021-01-05T01:27:55.4849868Z</ModuleTime>
      <ModuleName>System.Web</ModuleName>
      <Classes />
    </Module>
    <Module skippedDueTo="Filter" hash="35-B9-9D-7D-83-6A-00-73-AD-CF-F7-B0-8C-76-AB-C2-94-C9-FE-38">
      <ModulePath>C:\Windows\Microsoft.Net\assembly\GAC_MSIL\System.Runtime.Remoting\v4.0_4.0.0.0__b77a5c561934e089\System.Runtime.Remoting.dll</ModulePath>
      <ModuleTime>2019-12-07T09:10:36.117458Z</ModuleTime>
      <ModuleName>System.Runtime.Remoting</ModuleName>
      <Classes />
    </Module>
    <Module skippedDueTo="Filter" hash="C8-2E-64-82-9F-3E-E5-68-28-EC-A3-5B-05-18-0A-CC-70-C1-0D-04">
      <ModulePath>C:\Windows\Microsoft.Net\assembly\GAC_MSIL\System.Configuration\v4.0_4.0.0.0__b03f5f7f11d50a3a\System.Configuration.dll</ModulePath>
      <ModuleTime>2020-06-05T05:04:05.335002Z</ModuleTime>
      <ModuleName>System.Configuration</ModuleName>
      <Classes />
    </Module>
    <Module skippedDueTo="MissingPdb" hash="37-D7-83-75-35-25-58-5A-4B-07-2A-02-64-AE-D2-2C-96-D7-21-23">
      <ModulePath>C:\Users\SeraphimRP\Desktop\Code\BibleBot\packages\NUnit.ConsoleRunner.3.12.0\tools\testcentric.engine.metadata.dll</ModulePath>
      <ModuleTime>2020-09-03T22:49:48Z</ModuleTime>
      <ModuleName>testcentric.engine.metadata</ModuleName>
      <Classes />
    </Module>
    <Module skippedDueTo="Filter" hash="BC-6E-FD-75-A8-45-90-46-C6-99-BB-41-B3-A1-57-CD-AD-E2-C1-65">
      <ModulePath>C:\Windows\Microsoft.Net\assembly\GAC_64\mscorlib\v4.0_4.0.0.0__b77a5c561934e089\mscorlib.dll</ModulePath>
      <ModuleTime>2021-02-09T23:12:13.8358696Z</ModuleTime>
      <ModuleName>mscorlib</ModuleName>
      <Classes />
    </Module>
    <Module skippedDueTo="MissingPdb" hash="B2-7C-42-24-4C-5E-F5-3A-63-CE-7A-24-24-24-F3-E2-5D-72-7E-19">
      <ModulePath>C:\Users\SeraphimRP\Desktop\Code\BibleBot\packages\NUnit.ConsoleRunner.3.12.0\tools\agents\net40\nunit-agent.exe</ModulePath>
      <ModuleTime>2021-01-18T01:32:56Z</ModuleTime>
      <ModuleName>nunit-agent</ModuleName>
      <Classes />
    </Module>
    <Module skippedDueTo="MissingPdb" hash="47-CD-05-C4-63-6A-43-51-93-AC-FA-1D-26-FE-B8-9B-32-30-D5-7A">
      <ModulePath>C:\Users\SeraphimRP\Desktop\Code\BibleBot\packages\NUnit.ConsoleRunner.3.12.0\tools\agents\net40\nunit.engine.api.dll</ModulePath>
      <ModuleTime>2021-01-18T01:32:54Z</ModuleTime>
      <ModuleName>nunit.engine.api</ModuleName>
      <Classes />
    </Module>
    <Module skippedDueTo="MissingPdb" hash="10-B5-F0-48-F4-5D-A0-BD-6C-1F-44-32-CC-27-4F-A7-74-BB-F3-42">
      <ModulePath>C:\Users\SeraphimRP\Desktop\Code\BibleBot\packages\NUnit.ConsoleRunner.3.12.0\tools\agents\net40\nunit.engine.core.dll</ModulePath>
      <ModuleTime>2021-01-18T01:32:54Z</ModuleTime>
      <ModuleName>nunit.engine.core</ModuleName>
      <Classes />
    </Module>
    <Module skippedDueTo="Filter" hash="3E-65-A2-05-7C-67-F0-C6-A0-B8-F5-C9-09-73-B6-EC-86-B4-9C-58">
      <ModulePath>C:\Windows\Microsoft.Net\assembly\GAC_MSIL\System\v4.0_4.0.0.0__b77a5c561934e089\System.dll</ModulePath>
      <ModuleTime>2020-10-08T02:21:33.8194762Z</ModuleTime>
      <ModuleName>System</ModuleName>
      <Classes />
    </Module>
    <Module skippedDueTo="Filter" hash="DA-72-DA-8C-56-D2-30-3A-A5-9C-B3-A9-A9-6F-D8-2F-60-43-B5-A9">
      <ModulePath>C:\Windows\Microsoft.Net\assembly\GAC_MSIL\System.Xml\v4.0_4.0.0.0__b77a5c561934e089\System.Xml.dll</ModulePath>
      <ModuleTime>2019-12-07T09:10:37.7737543Z</ModuleTime>
      <ModuleName>System.Xml</ModuleName>
      <Classes />
    </Module>
    <Module skippedDueTo="Filter" hash="9E-65-4E-91-D0-78-C5-2E-17-2A-8D-C3-08-B2-E7-5D-5D-FD-27-C7">
      <ModulePath>C:\Windows\Microsoft.Net\assembly\GAC_64\System.Web\v4.0_4.0.0.0__b03f5f7f11d50a3a\System.Web.dll</ModulePath>
      <ModuleTime>2021-01-05T01:27:55.4849868Z</ModuleTime>
      <ModuleName>System.Web</ModuleName>
      <Classes />
    </Module>
    <Module skippedDueTo="Filter" hash="35-B9-9D-7D-83-6A-00-73-AD-CF-F7-B0-8C-76-AB-C2-94-C9-FE-38">
      <ModulePath>C:\Windows\Microsoft.Net\assembly\GAC_MSIL\System.Runtime.Remoting\v4.0_4.0.0.0__b77a5c561934e089\System.Runtime.Remoting.dll</ModulePath>
      <ModuleTime>2019-12-07T09:10:36.117458Z</ModuleTime>
      <ModuleName>System.Runtime.Remoting</ModuleName>
      <Classes />
    </Module>
    <Module skippedDueTo="Filter" hash="C8-2E-64-82-9F-3E-E5-68-28-EC-A3-5B-05-18-0A-CC-70-C1-0D-04">
      <ModulePath>C:\Windows\Microsoft.Net\assembly\GAC_MSIL\System.Configuration\v4.0_4.0.0.0__b03f5f7f11d50a3a\System.Configuration.dll</ModulePath>
      <ModuleTime>2020-06-05T05:04:05.335002Z</ModuleTime>
      <ModuleName>System.Configuration</ModuleName>
      <Classes />
    </Module>
    <Module skippedDueTo="MissingPdb" hash="D3-46-3F-DA-6B-2D-2A-53-C3-B3-24-DE-E9-63-5F-BF-7A-6B-AB-60">
      <ModulePath>C:\Users\SeraphimRP\Desktop\Code\BibleBot\packages\NUnit.ConsoleRunner.3.12.0\tools\agents\net40\testcentric.engine.metadata.dll</ModulePath>
      <ModuleTime>2020-09-03T22:49:40Z</ModuleTime>
      <ModuleName>testcentric.engine.metadata</ModuleName>
      <Classes />
    </Module>
    <Module skippedDueTo="MissingPdb" hash="F6-2B-1C-10-87-58-22-91-70-2F-B5-71-66-0F-1B-19-2C-64-F2-B8">
      <ModulePath>C:\Users\SeraphimRP\Desktop\Code\BibleBot\test\BibleBot.Backend.Tests\bin\Debug\net5.0\nunit.framework.dll</ModulePath>
      <ModuleTime>2021-04-27T23:15:08Z</ModuleTime>
      <ModuleName>nunit.framework</ModuleName>
      <Classes />
    </Module>
    <Module skippedDueTo="MissingPdb" hash="71-9B-E1-F7-A6-9B-DF-45-0F-84-65-68-DE-9E-87-26-B2-3F-51-B1">
      <ModulePath>C:\Windows\Microsoft.Net\assembly\GAC_MSIL\netstandard\v4.0_2.0.0.0__cc7b13ffcd2ddd51\netstandard.dll</ModulePath>
      <ModuleTime>2019-12-07T09:10:37.6330785Z</ModuleTime>
      <ModuleName>netstandard</ModuleName>
      <Classes />
    </Module>
    <Module skippedDueTo="Filter" hash="3E-65-A2-05-7C-67-F0-C6-A0-B8-F5-C9-09-73-B6-EC-86-B4-9C-58">
      <ModulePath>C:\Windows\Microsoft.Net\assembly\GAC_MSIL\System\v4.0_4.0.0.0__b77a5c561934e089\System.dll</ModulePath>
      <ModuleTime>2020-10-08T02:21:33.8194762Z</ModuleTime>
      <ModuleName>System</ModuleName>
      <Classes />
    </Module>
    <Module skippedDueTo="Filter" hash="5C-4C-90-3F-55-6E-81-66-3D-10-B6-6C-7F-81-83-AA-B2-66-9C-E4">
      <ModulePath>C:\Windows\Microsoft.Net\assembly\GAC_MSIL\System.Core\v4.0_4.0.0.0__b77a5c561934e089\System.Core.dll</ModulePath>
      <ModuleTime>2021-02-09T23:13:40.5754059Z</ModuleTime>
      <ModuleName>System.Core</ModuleName>
      <Classes />
    </Module>
    <Module skippedDueTo="Filter" hash="9E-65-4E-91-D0-78-C5-2E-17-2A-8D-C3-08-B2-E7-5D-5D-FD-27-C7">
      <ModulePath>C:\Windows\Microsoft.Net\assembly\GAC_64\System.Web\v4.0_4.0.0.0__b03f5f7f11d50a3a\System.Web.dll</ModulePath>
      <ModuleTime>2021-01-05T01:27:55.4849868Z</ModuleTime>
      <ModuleName>System.Web</ModuleName>
      <Classes />
    </Module>
    <Module skippedDueTo="Filter" hash="5C-4C-90-3F-55-6E-81-66-3D-10-B6-6C-7F-81-83-AA-B2-66-9C-E4">
      <ModulePath>C:\Windows\Microsoft.Net\assembly\GAC_MSIL\System.Core\v4.0_4.0.0.0__b77a5c561934e089\System.Core.dll</ModulePath>
      <ModuleTime>2021-02-09T23:13:40.5754059Z</ModuleTime>
      <ModuleName>System.Core</ModuleName>
      <Classes />
    </Module>
    <Module skippedDueTo="Filter" hash="5C-4C-90-3F-55-6E-81-66-3D-10-B6-6C-7F-81-83-AA-B2-66-9C-E4">
      <ModulePath>C:\Windows\Microsoft.Net\assembly\GAC_MSIL\System.Core\v4.0_4.0.0.0__b77a5c561934e089\System.Core.dll</ModulePath>
      <ModuleTime>2021-02-09T23:13:40.5754059Z</ModuleTime>
      <ModuleName>System.Core</ModuleName>
      <Classes />
    </Module>
  </Modules>
</CoverageSession>